<?xml version="1.0" encoding="UTF-8"?>
<!-- Generated by org.testng.reporters.JUnitXMLReporter -->
<testsuite ignored="0" hostname="DESKTOP-HTHGA4V" failures="0" tests="6" name="Default test" time="13.862" errors="0" timestamp="2024-12-01T15:34:00 IST">
  <testcase classname="api.test.DDTests" name="testPostUser" time="4.7"/>
  <testcase classname="api.test.DDTests" name="testPostUser" time="1.361"/>
  <testcase classname="api.test.DDTests" name="testPostUser" time="1.076"/>
  <testcase classname="api.test.DDTests" name="testDeleteUserByName" time="1.096"/>
  <testcase classname="api.test.DDTests" name="testDeleteUserByName" time="1.076"/>
  <testcase classname="api.test.DDTests" name="testDeleteUserByName" time="1.057"/>
</testsuite> <!-- Default test -->
