<?xml version="1.0" encoding="UTF-8"?>
<testng-results ignored="0" total="4" passed="4" failed="0" skipped="0">
  <reporter-output>
  </reporter-output>
  <suite started-at="2024-12-02T11:31:18 IST" name="PetSuite" finished-at="2024-12-02T11:31:31 IST" duration-ms="12558">
    <groups>
    </groups>
    <test started-at="2024-12-02T11:31:18 IST" name="PetTests" finished-at="2024-12-02T11:31:31 IST" duration-ms="12558">
      <class name="api.test.UserTests2">
        <test-method is-config="true" signature="setupData()[pri:0, instance:api.test.UserTests2@6d4d66d2]" started-at="2024-12-02T11:31:19 IST" name="setupData" finished-at="2024-12-02T11:31:20 IST" duration-ms="1520" status="PASS">
          <reporter-output>
          </reporter-output>
        </test-method> <!-- setupData -->
        <test-method signature="testPostUser()[pri:1, instance:api.test.UserTests2@6d4d66d2]" started-at="2024-12-02T11:31:20 IST" name="testPostUser" finished-at="2024-12-02T11:31:25 IST" duration-ms="5285" status="PASS">
          <reporter-output>
          </reporter-output>
        </test-method> <!-- testPostUser -->
        <test-method signature="testGetUserByName()[pri:2, instance:api.test.UserTests2@6d4d66d2]" started-at="2024-12-02T11:31:25 IST" name="testGetUserByName" finished-at="2024-12-02T11:31:26 IST" duration-ms="1131" status="PASS">
          <reporter-output>
          </reporter-output>
        </test-method> <!-- testGetUserByName -->
        <test-method signature="testUpdateUserByName()[pri:3, instance:api.test.UserTests2@6d4d66d2]" started-at="2024-12-02T11:31:26 IST" name="testUpdateUserByName" finished-at="2024-12-02T11:31:29 IST" duration-ms="3011" status="PASS">
          <reporter-output>
          </reporter-output>
        </test-method> <!-- testUpdateUserByName -->
        <test-method signature="testDeleteUserByName()[pri:4, instance:api.test.UserTests2@6d4d66d2]" started-at="2024-12-02T11:31:30 IST" name="testDeleteUserByName" finished-at="2024-12-02T11:31:31 IST" duration-ms="1071" status="PASS">
          <reporter-output>
          </reporter-output>
        </test-method> <!-- testDeleteUserByName -->
      </class> <!-- api.test.UserTests2 -->
    </test> <!-- PetTests -->
  </suite> <!-- PetSuite -->
</testng-results>
