<?xml version="1.0" encoding="UTF-8"?>
<!-- Generated by org.testng.reporters.JUnitXMLReporter -->
<testsuite ignored="0" hostname="DESKTOP-HTHGA4V" failures="0" tests="4" name="PetTests" time="12.558" errors="0" timestamp="2024-12-02T11:31:31 IST">
  <testcase classname="api.test.UserTests2" name="testPostUser" time="5.285"/>
  <testcase classname="api.test.UserTests2" name="testGetUserByName" time="1.131"/>
  <testcase classname="api.test.UserTests2" name="testUpdateUserByName" time="3.011"/>
  <testcase classname="api.test.UserTests2" name="testDeleteUserByName" time="1.071"/>
</testsuite> <!-- PetTests -->
