<?xml version="1.0" encoding="UTF-8"?>
<!-- Generated by org.testng.reporters.JUnitXMLReporter -->
<testsuite ignored="0" hostname="DESKTOP-HTHGA4V" failures="0" tests="4" name="PetTests" time="11.706" errors="0" timestamp="2024-12-01T18:39:57 IST">
  <testcase classname="api.test.UserTests2" name="testPostUser" time="4.861"/>
  <testcase classname="api.test.UserTests2" name="testGetUserByName" time="1.311"/>
  <testcase classname="api.test.UserTests2" name="testUpdateUserByName" time="2.257"/>
  <testcase classname="api.test.UserTests2" name="testDeleteUserByName" time="1.1"/>
</testsuite> <!-- PetTests -->
